2025-08-27 05:25:26,342 - INFO - ZERF Automation System initialized
2025-08-27 05:25:32,504 - INFO - ZERF Automation System initialized
2025-08-27 05:26:03,932 - INFO - ZERF Automation System initialized
2025-08-27 05:26:09,729 - INFO - ============================================================
2025-08-27 05:26:09,730 - INFO - Starting ZERF automation workflow
2025-08-27 05:26:09,730 - INFO - ============================================================
2025-08-27 05:26:09,731 - INFO - Step 1: Running VBS script...
2025-08-27 05:26:09,732 - INFO - Starting VBS script execution...
2025-08-27 05:26:09,743 - INFO - Created VBS script with today's date: 08/27/2025
2025-08-27 05:26:12,332 - INFO - VBS script executed successfully
2025-08-27 05:26:12,333 - INFO - Step 2: Waiting for file download...
2025-08-27 05:26:54,978 - INFO - ZERF automation system stopped
2025-08-27 05:26:56,469 - INFO - ============================================================
2025-08-27 05:26:56,472 - INFO - Starting ZERF automation workflow
2025-08-27 05:26:56,473 - INFO - ============================================================
2025-08-27 05:26:56,474 - INFO - Step 1: Running VBS script...
2025-08-27 05:26:56,475 - INFO - Starting VBS script execution...
2025-08-27 05:26:56,478 - INFO - Created VBS script with today's date: 08/27/2025
2025-08-27 05:28:12,370 - ERROR - No downloaded file found
2025-08-27 05:29:21,688 - INFO - VBS script executed successfully
2025-08-27 05:29:21,737 - INFO - Step 2: Waiting for file download...
2025-08-27 05:29:52,921 - INFO - ============================================================
2025-08-27 05:29:52,922 - INFO - Starting ZERF automation workflow
2025-08-27 05:29:52,922 - INFO - ============================================================
2025-08-27 05:29:52,923 - INFO - Step 1: Running VBS script...
2025-08-27 05:29:52,923 - INFO - Starting VBS script execution...
2025-08-27 05:29:52,926 - INFO - Created VBS script with today's date: 08/27/2025
2025-08-27 05:29:56,031 - INFO - VBS script executed successfully
2025-08-27 05:29:56,032 - INFO - Step 2: Waiting for file download...
2025-08-27 05:31:02,287 - INFO - ZERF automation system stopped
2025-08-27 05:31:21,831 - ERROR - No downloaded file found
2025-08-27 05:31:56,078 - ERROR - No downloaded file found
2025-08-27 05:32:29,149 - INFO - ============================================================
2025-08-27 05:32:29,150 - INFO - Starting ZERF automation workflow
2025-08-27 05:32:29,151 - INFO - ============================================================
2025-08-27 05:32:29,151 - INFO - Step 1: Running VBS script...
2025-08-27 05:32:29,152 - INFO - Starting VBS script execution...
2025-08-27 05:32:29,155 - INFO - Created VBS script with today's date: 08/27/2025
2025-08-27 05:37:29,270 - ERROR - VBS script timed out
2025-08-27 05:37:29,271 - ERROR - VBS script failed - stopping workflow
2025-08-27 05:47:30,380 - INFO - ZERF Automation System initialized
2025-08-27 05:47:35,313 - INFO - ============================================================
2025-08-27 05:47:35,314 - INFO - Starting ZERF automation workflow
2025-08-27 05:47:35,317 - INFO - ============================================================
2025-08-27 05:47:35,318 - INFO - Step 1: Running VBS script...
2025-08-27 05:47:35,319 - INFO - Starting VBS script execution...
2025-08-27 05:47:35,322 - INFO - Created VBS script with today's date: 08/27/2025
2025-08-27 05:52:35,458 - ERROR - VBS script timed out
2025-08-27 05:52:35,459 - ERROR - VBS script failed - stopping workflow
2025-08-27 06:05:24,988 - INFO - ZERF Automation System initialized
2025-08-27 06:05:31,931 - INFO - ZERF Automation System initialized
2025-08-27 06:06:20,817 - INFO - ============================================================
2025-08-27 06:06:20,818 - INFO - Starting ZERF automation workflow
2025-08-27 06:06:20,818 - INFO - ============================================================
2025-08-27 06:06:20,819 - INFO - Step 1: Running VBS script...
2025-08-27 06:06:20,819 - INFO - Starting VBS script execution...
2025-08-27 06:06:20,822 - INFO - Created VBS script with today's date: 08/27/2025
2025-08-27 06:06:20,823 - INFO - File will be saved to: C:\Users\jhash\Documents\DEALr\downloads\zerf_08-27-2025.xlsx
2025-08-27 06:06:21,264 - ERROR - VBS script failed: C:\Users\jhash\Documents\DEALr\zerf_automation.vbs(47, 31) Microsoft VBScript compilation error: Expected 'Then'


2025-08-27 06:06:21,265 - ERROR - VBS script failed - stopping workflow
2025-08-27 06:06:50,601 - INFO - ============================================================
2025-08-27 06:06:50,602 - INFO - Starting ZERF automation workflow
2025-08-27 06:06:50,602 - INFO - ============================================================
2025-08-27 06:06:50,603 - INFO - Step 1: Running VBS script...
2025-08-27 06:06:50,604 - INFO - Starting VBS script execution...
2025-08-27 06:06:50,608 - INFO - Created VBS script with today's date: 08/27/2025
2025-08-27 06:06:50,609 - INFO - File will be saved to: C:\Users\jhash\Documents\DEALr\downloads\zerf_08-27-2025.xlsx
2025-08-27 06:06:50,801 - ERROR - VBS script failed: C:\Users\jhash\Documents\DEALr\zerf_automation.vbs(47, 31) Microsoft VBScript compilation error: Expected 'Then'


2025-08-27 06:06:50,803 - ERROR - VBS script failed - stopping workflow
2025-08-27 06:08:07,315 - INFO - ZERF Automation System initialized
2025-08-27 06:08:09,655 - INFO - ZERF Automation System initialized
2025-08-27 06:08:15,914 - INFO - ============================================================
2025-08-27 06:08:15,915 - INFO - Starting ZERF automation workflow
2025-08-27 06:08:15,916 - INFO - ============================================================
2025-08-27 06:08:15,917 - INFO - Step 1: Running VBS script...
2025-08-27 06:08:15,917 - INFO - Starting VBS script execution...
2025-08-27 06:08:15,920 - INFO - Created VBS script with today's date: 08/27/2025
2025-08-27 06:08:15,921 - INFO - File will be saved to: C:\Users\jhash\Documents\DEALr\downloads\zerf_08-27-2025.xlsx
2025-08-27 16:17:59,480 - ERROR - VBS script timed out
2025-08-27 16:17:59,480 - ERROR - VBS script failed - stopping workflow
2025-08-27 16:30:39,002 - INFO - ZERF Automation System initialized
2025-08-27 16:30:48,911 - INFO - ============================================================
2025-08-27 16:30:48,913 - INFO - Starting ZERF automation workflow
2025-08-27 16:30:48,922 - INFO - ============================================================
2025-08-27 16:30:48,923 - INFO - Step 1: Running VBS script...
2025-08-27 16:30:48,924 - INFO - Starting VBS script execution...
2025-08-27 16:30:48,929 - INFO - Created VBS script with date: 08/27/2025
2025-08-27 16:30:48,944 - INFO - Target file: C:\Users\jhash\Documents\DEALr\downloads\zerf_08-27-2025.xlsx
2025-08-27 16:35:14,676 - INFO - VBS script executed successfully
2025-08-27 16:35:14,676 - INFO - Step 2: Searching for downloaded file...
2025-08-27 16:35:14,689 - INFO - Found file: C:\Users\jhash\Documents\DEALr\downloads\~$zerf_08-27-2025.XLSX
2025-08-27 16:35:14,690 - INFO - Found downloaded file: C:\Users\jhash\Documents\DEALr\downloads\~$zerf_08-27-2025.XLSX
2025-08-27 16:35:14,691 - INFO - Step 3: Cleaning data...
2025-08-27 16:35:14,693 - INFO - Starting data cleaning: C:\Users\jhash\Documents\DEALr\downloads\~$zerf_08-27-2025.XLSX
2025-08-27 16:35:14,730 - ERROR - Error cleaning data: [Errno 13] Permission denied: 'C:\\Users\\jhash\\Documents\\DEALr\\downloads\\~$zerf_08-27-2025.XLSX'
2025-08-27 16:35:14,731 - ERROR - Data cleaning failed
